2017-03-06 01:12:09,739  INFO [main] HomePage:21 - Starting the driver
 2017-03-06 01:12:21,544  INFO [main] HomePage:23 - Navigating to the site
 2017-03-06 01:12:21,558  INFO [main] HomePage:27 - On the home page
 2017-03-06 01:12:24,725  INFO [main] HomePage:41 - Performing search
 2017-03-06 01:30:38,447  INFO [main] HomePage:21 - Starting the driver
 2017-03-06 01:30:50,020  INFO [main] HomePage:23 - Navigating to the site
 2017-03-06 01:30:50,039  INFO [main] HomePage:27 - On the home page
 2017-03-07 16:47:49,675  INFO [main] HomePage:21 - Starting the driver
 2017-03-07 16:48:02,952  INFO [main] HomePage:23 - Navigating to the site
 2017-03-07 16:48:02,969  INFO [main] HomePage:27 - On the home page
 2017-03-07 16:48:23,742  INFO [main] HomePage:41 - Performing search
 2017-03-07 16:48:36,516  INFO [main] HomePage:32 - GoEuro
 2017-03-07 16:48:37,171  INFO [main] HomePage:85 - Air mode
 2017-03-07 16:48:38,862  INFO [main] HomePage:48 - Price found in decending order
 2017-03-07 16:48:40,124  INFO [main] HomePage:65 - Clicking NEXT button
 2017-03-07 16:48:42,004  INFO [main] HomePage:48 - Price found in decending order
 2017-03-07 16:48:43,206  INFO [main] HomePage:65 - Clicking NEXT button
 2017-03-07 16:48:44,500  INFO [main] HomePage:48 - Price found in decending order
 2017-03-07 16:48:45,767  INFO [main] HomePage:65 - Clicking NEXT button
 2017-03-07 16:48:46,992  INFO [main] HomePage:48 - Price found in decending order
 2017-03-07 16:48:48,244  INFO [main] HomePage:65 - Clicking NEXT button
 2017-03-07 16:48:49,370  INFO [main] HomePage:48 - Price found in decending order
 2017-03-07 16:48:50,647  INFO [main] HomePage:65 - Clicking NEXT button
 2017-03-07 16:48:52,393  INFO [main] HomePage:48 - Price found in decending order
 2017-03-07 16:48:53,631  INFO [main] HomePage:65 - Clicking NEXT button
 2017-03-07 16:48:54,821  INFO [main] HomePage:48 - Price found in decending order
 2017-03-07 16:48:56,024  INFO [main] HomePage:65 - Clicking NEXT button
 2017-03-07 16:48:57,382  INFO [main] HomePage:48 - Price found in decending order
 2017-03-07 16:48:58,626  INFO [main] HomePage:65 - Clicking NEXT button
 2017-03-07 16:49:00,307  INFO [main] HomePage:48 - Price found in decending order
 2017-03-07 16:49:01,517  INFO [main] HomePage:65 - Clicking NEXT button
 2017-03-07 16:49:02,624  INFO [main] HomePage:48 - Price found in decending order
 2017-03-07 16:49:03,893  INFO [main] HomePage:65 - Clicking NEXT button
 2017-03-07 16:49:05,600  INFO [main] HomePage:48 - Price found in decending order
 2017-03-07 16:49:06,823  INFO [main] HomePage:65 - Clicking NEXT button
 2017-03-07 16:49:08,409  INFO [main] HomePage:48 - Price found in decending order
 2017-03-07 16:49:09,592  INFO [main] HomePage:65 - Clicking NEXT button
 2017-03-07 16:49:10,912  INFO [main] HomePage:48 - Price found in decending order
 2017-03-07 16:49:12,159  INFO [main] HomePage:65 - Clicking NEXT button
 2017-03-07 16:49:13,743  INFO [main] HomePage:48 - Price found in decending order
 2017-03-07 16:49:14,952  INFO [main] HomePage:65 - Clicking NEXT button
 2017-03-07 16:49:16,100  INFO [main] HomePage:48 - Price found in decending order
 2017-03-07 16:49:17,378  INFO [main] HomePage:65 - Clicking NEXT button
 2017-03-07 16:49:18,584  INFO [main] HomePage:48 - Price found in decending order
 2017-03-07 16:49:18,592  INFO [main] HomePage:67 - Price in ascending order is asserted to be: true
 2017-03-07 16:49:21,237  INFO [main] HomePage:21 - Starting the driver
 2017-03-07 16:49:46,920  INFO [main] HomePage:21 - Starting the driver
 2017-03-07 16:50:06,807  INFO [main] HomePage:23 - Navigating to the site
 2017-03-07 16:50:06,821  INFO [main] HomePage:27 - On the home page
 2017-03-07 16:50:10,566  INFO [main] HomePage:41 - Performing search
 2017-03-07 16:50:22,432  INFO [main] HomePage:32 - GoEuro
 2017-03-07 16:50:22,893  INFO [main] HomePage:85 - Air mode
 2017-03-07 16:50:25,761  INFO [main] HomePage:65 - Clicking NEXT button
 2017-03-07 16:50:29,234  INFO [main] HomePage:65 - Clicking NEXT button
 2017-03-07 16:50:32,594  INFO [main] HomePage:65 - Clicking NEXT button
 2017-03-07 16:50:36,220  INFO [main] HomePage:65 - Clicking NEXT button
 2017-03-07 16:50:39,481  INFO [main] HomePage:65 - Clicking NEXT button
 2017-03-07 16:50:42,833  INFO [main] HomePage:65 - Clicking NEXT button
 2017-03-07 16:50:46,076  INFO [main] HomePage:65 - Clicking NEXT button
 2017-03-07 16:50:49,501  INFO [main] HomePage:65 - Clicking NEXT button
 2017-03-07 16:50:52,971  INFO [main] HomePage:65 - Clicking NEXT button
 2017-03-07 16:50:56,186  INFO [main] HomePage:65 - Clicking NEXT button
 2017-03-07 16:50:59,507  INFO [main] HomePage:65 - Clicking NEXT button
 2017-03-07 16:51:03,385  INFO [main] HomePage:65 - Clicking NEXT button
 2017-03-07 16:51:06,598  INFO [main] HomePage:65 - Clicking NEXT button
 2017-03-07 16:51:09,949  INFO [main] HomePage:65 - Clicking NEXT button
 2017-03-07 16:51:16,646  INFO [main] HomePage:65 - Clicking NEXT button
 2017-03-07 16:51:18,074  INFO [main] HomePage:67 - Price in ascending order is asserted to be: true
 2017-03-07 16:51:20,806  INFO [main] HomePage:21 - Starting the driver
 2017-03-07 16:51:33,758  INFO [main] HomePage:23 - Navigating to the site
 2017-03-07 16:51:33,758  INFO [main] HomePage:27 - On the home page
 2017-03-07 16:55:15,482  INFO [main] HomePage:21 - Starting the driver
 2017-03-07 16:55:29,717  INFO [main] HomePage:23 - Navigating to the site
 2017-03-07 16:55:29,728  INFO [main] HomePage:27 - On the home page
 2017-03-07 16:55:34,639  INFO [main] HomePage:41 - Performing search
 2017-03-07 16:55:46,330  INFO [main] HomePage:32 - GoEuro
 2017-03-07 16:55:46,811  INFO [main] HomePage:88 - Air mode
 2017-03-07 16:55:47,858  INFO [main] HomePage:48 - Price found in decending order
 2017-03-07 16:55:50,538  INFO [main] HomePage:21 - Starting the driver
 2017-03-07 16:56:02,409  INFO [main] HomePage:23 - Navigating to the site
 2017-03-07 16:56:02,410  INFO [main] HomePage:27 - On the home page
 2017-03-07 16:56:07,498 ERROR [main] HomePage:43 - Exception in the home page:org.openqa.selenium.remote.UnreachableBrowserException: Error communicating with the remote browser. It may have died.
Build info: version: '2.53.1', revision: 'a36b8b1cd5757287168e54b817830adce9b0158d', time: '2016-06-30 19:26:09'
System info: host: 'N/A', ip: 'N/A', os.name: 'Mac OS X', os.arch: 'x86_64', os.version: '10.12.3', java.version: '1.7.0_45'
Driver info: driver.version: RemoteWebDriver
Session ID: fe9149d4-1892-9445-8293-b20d21efde91
Capabilities [{platform=MAC, acceptSslCerts=true, javascriptEnabled=true, cssSelectorsEnabled=true, databaseEnabled=true, browserName=firefox, handlesAlerts=true, nativeEvents=false, webStorageEnabled=true, rotatable=false, locationContextEnabled=true, applicationCacheEnabled=true, takesScreenshot=true, version=46.0.1}]
 2017-03-07 16:59:01,766  INFO [main] HomePage:21 - Starting the driver
 2017-03-07 16:59:16,810  INFO [main] HomePage:23 - Navigating to the site
 2017-03-07 16:59:16,823  INFO [main] HomePage:27 - On the home page
 2017-03-07 16:59:20,605  INFO [main] HomePage:41 - Performing search
 2017-03-07 16:59:37,698  INFO [main] HomePage:32 - GoEuro
 2017-03-07 16:59:38,209  INFO [main] HomePage:88 - Air mode
 2017-03-07 16:59:39,149  INFO [main] HomePage:48 - Price found in decending order
 2017-03-07 16:59:39,149  INFO [main] HomePage:66 - Price in ascending order for Air modeis asserted to be: false
 2017-03-07 16:59:41,654  INFO [main] HomePage:21 - Starting the driver
 2017-03-07 16:59:55,480  INFO [main] HomePage:23 - Navigating to the site
 2017-03-07 16:59:55,480  INFO [main] HomePage:27 - On the home page
 2017-03-07 16:59:59,674  INFO [main] HomePage:41 - Performing search
 2017-03-07 17:00:09,633  INFO [main] HomePage:32 - GoEuro
 2017-03-07 17:00:10,144  INFO [main] HomePage:93 - Bus mode
 2017-03-07 17:00:11,908  INFO [main] HomePage:48 - Price found in decending order
 2017-03-07 17:00:11,908  INFO [main] HomePage:66 - Price in ascending order for Bus modeis asserted to be: false
 2017-03-07 17:00:14,415  INFO [main] HomePage:21 - Starting the driver
 2017-03-07 17:00:27,327  INFO [main] HomePage:23 - Navigating to the site
 2017-03-07 17:00:27,328  INFO [main] HomePage:27 - On the home page
 2017-03-07 17:00:32,593  INFO [main] HomePage:41 - Performing search
 2017-03-07 17:00:48,682  INFO [main] HomePage:32 - GoEuro
 2017-03-07 17:00:48,799  INFO [main] HomePage:48 - Price found in decending order
 2017-03-07 17:00:48,799  INFO [main] HomePage:66 - Price in ascending order for Train modeis asserted to be: false
 2017-03-07 17:01:50,823  INFO [main] HomePage:21 - Starting the driver
 2017-03-07 17:02:04,381  INFO [main] HomePage:23 - Navigating to the site
 2017-03-07 17:02:04,392  INFO [main] HomePage:27 - On the home page
 2017-03-07 17:03:36,451  INFO [main] HomePage:41 - Performing search
 2017-03-07 17:03:47,320  INFO [main] HomePage:32 - GoEuro
 2017-03-07 17:03:47,931  INFO [main] HomePage:88 - Air mode
 2017-03-07 17:03:50,316  INFO [main] HomePage:65 - Clicking NEXT button
 2017-03-07 17:03:53,905  INFO [main] HomePage:65 - Clicking NEXT button
 2017-03-07 17:03:57,196  INFO [main] HomePage:65 - Clicking NEXT button
 2017-03-07 17:04:00,705  INFO [main] HomePage:65 - Clicking NEXT button
 2017-03-07 17:04:03,966  INFO [main] HomePage:65 - Clicking NEXT button
 2017-03-07 17:04:07,229  INFO [main] HomePage:65 - Clicking NEXT button
 2017-03-07 17:04:10,394  INFO [main] HomePage:65 - Clicking NEXT button
 2017-03-07 17:04:13,523  INFO [main] HomePage:65 - Clicking NEXT button
 2017-03-07 17:04:16,958  INFO [main] HomePage:65 - Clicking NEXT button
 2017-03-07 17:04:20,067  INFO [main] HomePage:65 - Clicking NEXT button
 2017-03-07 17:04:24,515  INFO [main] HomePage:65 - Clicking NEXT button
 2017-03-07 17:04:27,968  INFO [main] HomePage:65 - Clicking NEXT button
 2017-03-07 17:04:33,187  INFO [main] HomePage:65 - Clicking NEXT button
 2017-03-07 17:04:36,629  INFO [main] HomePage:65 - Clicking NEXT button
 2017-03-07 17:04:39,785  INFO [main] HomePage:65 - Clicking NEXT button
 2017-03-07 17:04:41,271  INFO [main] HomePage:66 - Price in ascending order for Air mode is asserted to be: true
 2017-03-07 17:04:43,880  INFO [main] HomePage:21 - Starting the driver
 2017-03-07 17:04:56,036  INFO [main] HomePage:23 - Navigating to the site
 2017-03-07 17:04:56,037  INFO [main] HomePage:27 - On the home page
 2017-03-07 17:04:59,927  INFO [main] HomePage:41 - Performing search
 2017-03-07 17:05:09,984  INFO [main] HomePage:32 - GoEuro
 2017-03-07 17:05:10,401  INFO [main] HomePage:93 - Bus mode
 2017-03-07 17:05:13,731  INFO [main] HomePage:65 - Clicking NEXT button
 2017-03-07 17:05:17,474  INFO [main] HomePage:65 - Clicking NEXT button
 2017-03-07 17:05:21,018  INFO [main] HomePage:65 - Clicking NEXT button
 2017-03-07 17:05:24,178  INFO [main] HomePage:65 - Clicking NEXT button
 2017-03-07 17:05:31,229  INFO [main] HomePage:65 - Clicking NEXT button
 2017-03-07 17:05:34,512  INFO [main] HomePage:65 - Clicking NEXT button
 2017-03-07 17:05:38,730  INFO [main] HomePage:65 - Clicking NEXT button
 2017-03-07 17:05:42,010  INFO [main] HomePage:65 - Clicking NEXT button
 2017-03-07 17:05:43,972  INFO [main] HomePage:66 - Price in ascending order for Bus mode is asserted to be: true
 2017-03-07 17:05:46,496  INFO [main] HomePage:21 - Starting the driver
 2017-03-07 17:05:58,065  INFO [main] HomePage:23 - Navigating to the site
 2017-03-07 17:05:58,066  INFO [main] HomePage:27 - On the home page
 2017-03-07 17:06:01,927  INFO [main] HomePage:41 - Performing search
 2017-03-07 17:06:12,781  INFO [main] HomePage:32 - GoEuro
 2017-03-07 17:06:13,607  INFO [main] HomePage:66 - Price in ascending order for Train mode is asserted to be: true
 